

BOOK #1:

Adventures of Tom Sawyer
Mark Twain
500
24.95
32.99
7
5


BOOK #2:

The Ghost Writer
Philip Roth
679
7.49
11.99
10
6


BOOK #3:

David Copperfield
Charles Dickens
780
24.95
32.95
10
6


BOOK #4:

Jane Eyre
Charlotte Bronte
990
28.95
34.99
7
5


BOOK #5:

Les Miserables
Victor Hugo
1050
27.95
33.95
13
9


BOOK #6:

Romance of the Three Kingdoms
Luo Guanzhong
1492
34.95
45.95
6
5


BOOK #7:

Siddhartha
Herman Hesse
1850
34.50
41.99
6
4


BOOK #8:

Uriel's Machine
C. Knight & R. Lomas
1931
3.87
9.32
10
8


BOOK #9:

The Rubaiyat
Omar Khayyam
2120
37.95
45.95
5
3


BOOK #10:

The Last Patriot
Brad Thor
2121
9.19
15.99
16
10


BOOK #11:

The Guilty
David Baldacci
2210
14.50
9.99
5
5


BOOK #12:

Don't Stop the Carnival
Herman Wouk
3169
11.86
21.06
7
3


BOOK #13:

3001: The Final Odyssey
Arthur C. Clarke
3453
8.09
12.99
15
9


BOOK #14:

Reversible Errors
Scott Turow
3742
7.99
14.97
12
8


BOOK #15:

Harry Potter and the Order of the Phoenix
J. K. Rowling
4393
17.19
25.00
25
18


BOOK #16:

Dauntless
Barrett Tillman
5530
12.93
35.00
15
13


BOOK #17:

Personal Injuries
Scott Turow
8330
7.99
16.95
14
9


BOOK #18:

Backyard Problem Solver
Jerry Baker
9224
2.96
9.80
5
2
